Traceback (most recent call last):
  File "/data/users/msaban/.conda/envs/synur/lib/python3.11/site-packages/transformers/utils/hub.py", line 479, in cached_files
    hf_hub_download(
  File "/data/users/msaban/.conda/envs/synur/lib/python3.11/site-packages/huggingface_hub/utils/_validators.py", line 106, in _inner_fn
    validate_repo_id(arg_value)
  File "/data/users/msaban/.conda/envs/synur/lib/python3.11/site-packages/huggingface_hub/utils/_validators.py", line 154, in validate_repo_id
    raise HFValidationError(
huggingface_hub.errors.HFValidationError: Repo id must be in the form 'repo_name' or 'namespace/repo_name': '/data/shared_models/llama3.3-70b-instruct'. Use `repo_type` argument if needed.

During handling of the above exception, another exception occurred:

Traceback (most recent call last):
  File "/data/projects/mtootooni_01/SharedTaskCompetition/synur_pipeline/run_pipeline.py", line 1146, in <module>
    main()
  File "/data/projects/mtootooni_01/SharedTaskCompetition/synur_pipeline/run_pipeline.py", line 1125, in main
    all_predictions, all_gold = run_pipeline(
                                ^^^^^^^^^^^^^
  File "/data/projects/mtootooni_01/SharedTaskCompetition/synur_pipeline/run_pipeline.py", line 329, in run_pipeline
    init_llm(
  File "/data/projects/mtootooni_01/SharedTaskCompetition/synur_pipeline/run_pipeline.py", line 130, in init_llm
    base_model = AutoModelForCausalLM.from_pretrained(
                 ^^^^^^^^^^^^^^^^^^^^^^^^^^^^^^^^^^^^^
  File "/data/users/msaban/.conda/envs/synur/lib/python3.11/site-packages/transformers/models/auto/auto_factory.py", line 508, in from_pretrained
    resolved_config_file = cached_file(
                           ^^^^^^^^^^^^
  File "/data/users/msaban/.conda/envs/synur/lib/python3.11/site-packages/transformers/utils/hub.py", line 322, in cached_file
    file = cached_files(path_or_repo_id=path_or_repo_id, filenames=[filename], **kwargs)
           ^^^^^^^^^^^^^^^^^^^^^^^^^^^^^^^^^^^^^^^^^^^^^^^^^^^^^^^^^^^^^^^^^^^^^^^^^^^^^
  File "/data/users/msaban/.conda/envs/synur/lib/python3.11/site-packages/transformers/utils/hub.py", line 531, in cached_files
    resolved_files = [
                     ^
  File "/data/users/msaban/.conda/envs/synur/lib/python3.11/site-packages/transformers/utils/hub.py", line 532, in <listcomp>
    _get_cache_file_to_return(path_or_repo_id, filename, cache_dir, revision, repo_type)
  File "/data/users/msaban/.conda/envs/synur/lib/python3.11/site-packages/transformers/utils/hub.py", line 143, in _get_cache_file_to_return
    resolved_file = try_to_load_from_cache(
                    ^^^^^^^^^^^^^^^^^^^^^^^
  File "/data/users/msaban/.conda/envs/synur/lib/python3.11/site-packages/huggingface_hub/utils/_validators.py", line 106, in _inner_fn
    validate_repo_id(arg_value)
  File "/data/users/msaban/.conda/envs/synur/lib/python3.11/site-packages/huggingface_hub/utils/_validators.py", line 154, in validate_repo_id
    raise HFValidationError(
huggingface_hub.errors.HFValidationError: Repo id must be in the form 'repo_name' or 'namespace/repo_name': '/data/shared_models/llama3.3-70b-instruct'. Use `repo_type` argument if needed.
